<?xml version="1.0" encoding="UTF-8"?>
<!-- Generated by org.testng.reporters.JUnitXMLReporter -->
<testsuite ignored="0" hostname="ROHITH" failures="0" tests="5" name="Test" time="35.828" errors="0" timestamp="2025-07-10T01:57:08 IST">
  <testcase classname="text.CheckBox" name="checkBox" time="0.151"/>
  <testcase classname="text.TextBox" name="addProducts" time="1.648"/>
  <testcase classname="text.TextBox" name="testData" time="1.465"/>
  <testcase classname="text.TextBox" name="testData1" time="1.623"/>
  <testcase classname="text.TextBox" name="testSubmitedText" time="1.493"/>
</testsuite> <!-- Test -->
