<?xml version="1.0" encoding="UTF-8"?>
<!-- Generated by org.testng.reporters.JUnitXMLReporter -->
<testsuite ignored="0" hostname="ROHITH" failures="0" tests="5" name="Test" time="58.826" errors="0" timestamp="2025-07-11T22:30:02 IST">
  <testcase classname="text.CheckBox" name="checkBox" time="0.376"/>
  <testcase classname="text.TextBox" name="addProducts" time="1.752"/>
  <testcase classname="text.TextBox" name="testData" time="2.398"/>
  <testcase classname="text.TextBox" name="testData1" time="2.268"/>
  <testcase classname="text.TextBox" name="testSubmitedText" time="2.516"/>
</testsuite> <!-- Test -->
