<?xml version="1.0" encoding="UTF-8"?>
<testng-results ignored="0" total="5" passed="5" failed="0" skipped="0">
  <reporter-output>
  </reporter-output>
  <suite started-at="2025-07-10T01:56:32 IST" name="Suite" finished-at="2025-07-10T01:57:08 IST" duration-ms="35828">
    <groups>
    </groups>
    <test started-at="2025-07-10T01:56:32 IST" name="Test" finished-at="2025-07-10T01:57:08 IST" duration-ms="35828">
      <class name="text.CheckBox">
        <test-method is-config="true" signature="setup()[pri:0, instance:text.CheckBox@71c5b236]" started-at="2025-07-10T01:56:32 IST" name="setup" finished-at="2025-07-10T01:56:37 IST" duration-ms="5095" status="PASS">
          <reporter-output>
          </reporter-output>
        </test-method> <!-- setup -->
        <test-method signature="checkBox()[pri:0, instance:text.CheckBox@71c5b236]" started-at="2025-07-10T01:56:37 IST" name="checkBox" finished-at="2025-07-10T01:56:37 IST" duration-ms="151" status="PASS">
          <reporter-output>
          </reporter-output>
        </test-method> <!-- checkBox -->
        <test-method is-config="true" signature="closing()[pri:0, instance:text.CheckBox@71c5b236]" started-at="2025-07-10T01:57:07 IST" name="closing" finished-at="2025-07-10T01:57:08 IST" duration-ms="242" status="PASS">
          <reporter-output>
          </reporter-output>
        </test-method> <!-- closing -->
      </class> <!-- text.CheckBox -->
      <class name="text.TextBox">
        <test-method is-config="true" signature="browserSetup()[pri:0, instance:text.TextBox@361c294e]" started-at="2025-07-10T01:56:37 IST" name="browserSetup" finished-at="2025-07-10T01:56:42 IST" duration-ms="4647" status="PASS">
          <reporter-output>
          </reporter-output>
        </test-method> <!-- browserSetup -->
        <test-method signature="addProducts(java.lang.reflect.Method)[pri:1, instance:text.TextBox@361c294e]" started-at="2025-07-10T01:56:42 IST" name="addProducts" description="Submit form using regular WebElement click" finished-at="2025-07-10T01:56:43 IST" duration-ms="1648" status="PASS">
          <params>
            <param index="0">
              <value>
                <![CDATA[public void text.TextBox.addProducts(java.lang.reflect.Method)]]>
              </value>
            </param>
          </params>
          <reporter-output>
          </reporter-output>
        </test-method> <!-- addProducts -->
        <test-method is-config="true" signature="closing()[pri:0, instance:text.TextBox@361c294e]" started-at="2025-07-10T01:56:43 IST" name="closing" finished-at="2025-07-10T01:56:44 IST" duration-ms="504" status="PASS">
          <reporter-output>
          </reporter-output>
        </test-method> <!-- closing -->
        <test-method is-config="true" signature="browserSetup()[pri:0, instance:text.TextBox@361c294e]" started-at="2025-07-10T01:56:44 IST" name="browserSetup" finished-at="2025-07-10T01:56:51 IST" duration-ms="6909" status="PASS">
          <reporter-output>
          </reporter-output>
        </test-method> <!-- browserSetup -->
        <test-method signature="testData(java.lang.reflect.Method)[pri:2, instance:text.TextBox@361c294e]" started-at="2025-07-10T01:56:51 IST" name="testData" description="Submit form after scrolling to button with JavaScript" finished-at="2025-07-10T01:56:52 IST" duration-ms="1465" status="PASS">
          <params>
            <param index="0">
              <value>
                <![CDATA[public void text.TextBox.testData(java.lang.reflect.Method) throws java.lang.InterruptedException]]>
              </value>
            </param>
          </params>
          <reporter-output>
          </reporter-output>
        </test-method> <!-- testData -->
        <test-method is-config="true" signature="closing()[pri:0, instance:text.TextBox@361c294e]" started-at="2025-07-10T01:56:52 IST" name="closing" finished-at="2025-07-10T01:56:53 IST" duration-ms="232" status="PASS">
          <reporter-output>
          </reporter-output>
        </test-method> <!-- closing -->
        <test-method is-config="true" signature="browserSetup()[pri:0, instance:text.TextBox@361c294e]" started-at="2025-07-10T01:56:53 IST" name="browserSetup" finished-at="2025-07-10T01:56:57 IST" duration-ms="4661" status="PASS">
          <reporter-output>
          </reporter-output>
        </test-method> <!-- browserSetup -->
        <test-method signature="testData1(java.lang.reflect.Method)[pri:3, instance:text.TextBox@361c294e]" started-at="2025-07-10T01:56:57 IST" name="testData1" description="Click submit button using JavaScript" finished-at="2025-07-10T01:56:59 IST" duration-ms="1623" status="PASS">
          <params>
            <param index="0">
              <value>
                <![CDATA[public void text.TextBox.testData1(java.lang.reflect.Method) throws java.lang.InterruptedException]]>
              </value>
            </param>
          </params>
          <reporter-output>
          </reporter-output>
        </test-method> <!-- testData1 -->
        <test-method is-config="true" signature="closing()[pri:0, instance:text.TextBox@361c294e]" started-at="2025-07-10T01:56:59 IST" name="closing" finished-at="2025-07-10T01:56:59 IST" duration-ms="190" status="PASS">
          <reporter-output>
          </reporter-output>
        </test-method> <!-- closing -->
        <test-method is-config="true" signature="browserSetup()[pri:0, instance:text.TextBox@361c294e]" started-at="2025-07-10T01:56:59 IST" name="browserSetup" finished-at="2025-07-10T01:57:06 IST" duration-ms="6699" status="PASS">
          <reporter-output>
          </reporter-output>
        </test-method> <!-- browserSetup -->
        <test-method signature="testSubmitedText(java.lang.reflect.Method)[pri:4, instance:text.TextBox@361c294e]" started-at="2025-07-10T01:57:06 IST" name="testSubmitedText" description="Verify submitted data" finished-at="2025-07-10T01:57:07 IST" duration-ms="1493" status="PASS">
          <params>
            <param index="0">
              <value>
                <![CDATA[public void text.TextBox.testSubmitedText(java.lang.reflect.Method) throws java.lang.InterruptedException]]>
              </value>
            </param>
          </params>
          <reporter-output>
          </reporter-output>
        </test-method> <!-- testSubmitedText -->
        <test-method is-config="true" signature="closing()[pri:0, instance:text.TextBox@361c294e]" started-at="2025-07-10T01:57:07 IST" name="closing" finished-at="2025-07-10T01:57:07 IST" duration-ms="224" status="PASS">
          <reporter-output>
          </reporter-output>
        </test-method> <!-- closing -->
      </class> <!-- text.TextBox -->
    </test> <!-- Test -->
  </suite> <!-- Suite -->
</testng-results>
