<?xml version="1.0" encoding="UTF-8"?>
<testng-results ignored="0" total="5" passed="5" failed="0" skipped="0">
  <reporter-output>
  </reporter-output>
  <suite started-at="2025-07-11T22:29:03 IST" name="Suite" finished-at="2025-07-11T22:30:02 IST" duration-ms="58826">
    <groups>
    </groups>
    <test started-at="2025-07-11T22:29:03 IST" name="Test" finished-at="2025-07-11T22:30:02 IST" duration-ms="58826">
      <class name="text.CheckBox">
        <test-method is-config="true" signature="setup()[pri:0, instance:text.CheckBox@71c5b236]" started-at="2025-07-11T22:29:03 IST" name="setup" finished-at="2025-07-11T22:29:12 IST" duration-ms="8299" status="PASS">
          <reporter-output>
          </reporter-output>
        </test-method> <!-- setup -->
        <test-method signature="checkBox()[pri:0, instance:text.CheckBox@71c5b236]" started-at="2025-07-11T22:29:12 IST" name="checkBox" finished-at="2025-07-11T22:29:12 IST" duration-ms="376" status="PASS">
          <reporter-output>
          </reporter-output>
        </test-method> <!-- checkBox -->
        <test-method is-config="true" signature="closing()[pri:0, instance:text.CheckBox@71c5b236]" started-at="2025-07-11T22:30:02 IST" name="closing" finished-at="2025-07-11T22:30:02 IST" duration-ms="426" status="PASS">
          <reporter-output>
          </reporter-output>
        </test-method> <!-- closing -->
      </class> <!-- text.CheckBox -->
      <class name="text.TextBox">
        <test-method is-config="true" signature="browserSetup()[pri:0, instance:text.TextBox@361c294e]" started-at="2025-07-11T22:29:12 IST" name="browserSetup" finished-at="2025-07-11T22:29:21 IST" duration-ms="8759" status="PASS">
          <reporter-output>
          </reporter-output>
        </test-method> <!-- browserSetup -->
        <test-method signature="addProducts(java.lang.reflect.Method)[pri:1, instance:text.TextBox@361c294e]" started-at="2025-07-11T22:29:21 IST" name="addProducts" description="Submit form using regular WebElement click" finished-at="2025-07-11T22:29:23 IST" duration-ms="1752" status="PASS">
          <params>
            <param index="0">
              <value>
                <![CDATA[public void text.TextBox.addProducts(java.lang.reflect.Method)]]>
              </value>
            </param>
          </params>
          <reporter-output>
          </reporter-output>
        </test-method> <!-- addProducts -->
        <test-method is-config="true" signature="closing()[pri:0, instance:text.TextBox@361c294e]" started-at="2025-07-11T22:29:23 IST" name="closing" finished-at="2025-07-11T22:29:24 IST" duration-ms="1020" status="PASS">
          <reporter-output>
          </reporter-output>
        </test-method> <!-- closing -->
        <test-method is-config="true" signature="browserSetup()[pri:0, instance:text.TextBox@361c294e]" started-at="2025-07-11T22:29:24 IST" name="browserSetup" finished-at="2025-07-11T22:29:35 IST" duration-ms="11063" status="PASS">
          <reporter-output>
          </reporter-output>
        </test-method> <!-- browserSetup -->
        <test-method signature="testData(java.lang.reflect.Method)[pri:2, instance:text.TextBox@361c294e]" started-at="2025-07-11T22:29:35 IST" name="testData" description="Submit form after scrolling to button with JavaScript" finished-at="2025-07-11T22:29:37 IST" duration-ms="2398" status="PASS">
          <params>
            <param index="0">
              <value>
                <![CDATA[public void text.TextBox.testData(java.lang.reflect.Method) throws java.lang.InterruptedException]]>
              </value>
            </param>
          </params>
          <reporter-output>
          </reporter-output>
        </test-method> <!-- testData -->
        <test-method is-config="true" signature="closing()[pri:0, instance:text.TextBox@361c294e]" started-at="2025-07-11T22:29:37 IST" name="closing" finished-at="2025-07-11T22:29:37 IST" duration-ms="451" status="PASS">
          <reporter-output>
          </reporter-output>
        </test-method> <!-- closing -->
        <test-method is-config="true" signature="browserSetup()[pri:0, instance:text.TextBox@361c294e]" started-at="2025-07-11T22:29:37 IST" name="browserSetup" finished-at="2025-07-11T22:29:48 IST" duration-ms="10453" status="PASS">
          <reporter-output>
          </reporter-output>
        </test-method> <!-- browserSetup -->
        <test-method signature="testData1(java.lang.reflect.Method)[pri:3, instance:text.TextBox@361c294e]" started-at="2025-07-11T22:29:48 IST" name="testData1" description="Click submit button using JavaScript" finished-at="2025-07-11T22:29:50 IST" duration-ms="2268" status="PASS">
          <params>
            <param index="0">
              <value>
                <![CDATA[public void text.TextBox.testData1(java.lang.reflect.Method) throws java.lang.InterruptedException]]>
              </value>
            </param>
          </params>
          <reporter-output>
          </reporter-output>
        </test-method> <!-- testData1 -->
        <test-method is-config="true" signature="closing()[pri:0, instance:text.TextBox@361c294e]" started-at="2025-07-11T22:29:50 IST" name="closing" finished-at="2025-07-11T22:29:51 IST" duration-ms="439" status="PASS">
          <reporter-output>
          </reporter-output>
        </test-method> <!-- closing -->
        <test-method is-config="true" signature="browserSetup()[pri:0, instance:text.TextBox@361c294e]" started-at="2025-07-11T22:29:51 IST" name="browserSetup" finished-at="2025-07-11T22:29:59 IST" duration-ms="8060" status="PASS">
          <reporter-output>
          </reporter-output>
        </test-method> <!-- browserSetup -->
        <test-method signature="testSubmitedText(java.lang.reflect.Method)[pri:4, instance:text.TextBox@361c294e]" started-at="2025-07-11T22:29:59 IST" name="testSubmitedText" description="Verify submitted data" finished-at="2025-07-11T22:30:01 IST" duration-ms="2516" status="PASS">
          <params>
            <param index="0">
              <value>
                <![CDATA[public void text.TextBox.testSubmitedText(java.lang.reflect.Method) throws java.lang.InterruptedException]]>
              </value>
            </param>
          </params>
          <reporter-output>
          </reporter-output>
        </test-method> <!-- testSubmitedText -->
        <test-method is-config="true" signature="closing()[pri:0, instance:text.TextBox@361c294e]" started-at="2025-07-11T22:30:01 IST" name="closing" finished-at="2025-07-11T22:30:02 IST" duration-ms="399" status="PASS">
          <reporter-output>
          </reporter-output>
        </test-method> <!-- closing -->
      </class> <!-- text.TextBox -->
    </test> <!-- Test -->
  </suite> <!-- Suite -->
</testng-results>
